# JRE version: Java(TM) SE Runtime Environment (8.0_151-b12) (build 1.8.0_151-b12)
# Java VM: Java HotSpot(TM) 64-Bit Server VM (25.151-b12 mixed mode linux-amd64 compressed oops)
Heap:
 PSYoungGen      total 36864K, used 31065K [0x00000000d7180000, 0x00000000db980000, 0x0000000100000000)
  eden space 31744K, 85% used [0x00000000d7180000,0x00000000d8bea960,0x00000000d9080000)
  from space 5120K, 78% used [0x00000000d9080000,0x00000000d946be08,0x00000000d9580000)
  to   space 5120K, 0% used [0x00000000db480000,0x00000000db480000,0x00000000db980000)
 ParOldGen       total 84992K, used 24K [0x0000000085400000, 0x000000008a700000, 0x00000000d7180000)
  object space 84992K, 0% used [0x0000000085400000,0x0000000085406000,0x000000008a700000)
 Metaspace       used 12630K, capacity 12744K, committed 12928K, reserved 1060864K
  class space    used 1528K, capacity 1557K, committed 1664K, reserved 1048576K
GC Heap History (6 events):
Event: 3.758 GC heap before
{Heap before GC invocations=1 (full 0):
 PSYoungGen      total 36864K, used 31744K [0x00000000d7180000, 0x00000000d9a80000, 0x0000000100000000)
  eden space 31744K, 100% used [0x00000000d7180000,0x00000000d9080000,0x00000000d9080000)
  from space 5120K, 0% used [0x00000000d9580000,0x00000000d9580000,0x00000000d9a80000)
  to   space 5120K, 0% used [0x00000000d9080000,0x00000000d9080000,0x00000000d9580000)
 ParOldGen       total 84992K, used 0K [0x0000000085400000, 0x000000008a700000, 0x00000000d7180000)
  object space 84992K, 0% used [0x0000000085400000,0x0000000085400000,0x000000008a700000)
 Metaspace       used 6608K, capacity 6658K, committed 6784K, reserved 1056768K
  class space    used 774K, capacity 787K, committed 896K, reserved 1048576K
Event: 3.764 GC heap after
Heap after GC invocations=1 (full 0):
 PSYoungGen      total 36864K, used 3945K [0x00000000d7180000, 0x00000000d9a80000, 0x0000000100000000)
  eden space 31744K, 0% used [0x00000000d7180000,0x00000000d7180000,0x00000000d9080000)
  from space 5120K, 77% used [0x00000000d9080000,0x00000000d945a458,0x00000000d9580000)
  to   space 5120K, 0% used [0x00000000d9580000,0x00000000d9580000,0x00000000d9a80000)
 ParOldGen       total 84992K, used 8K [0x0000000085400000, 0x000000008a700000, 0x00000000d7180000)
  object space 84992K, 0% used [0x0000000085400000,0x0000000085402000,0x000000008a700000)
 Metaspace       used 6608K, capacity 6658K, committed 6784K, reserved 1056768K
  class space    used 774K, capacity 787K, committed 896K, reserved 1048576K
}
Event: 3.871 GC heap before
{Heap before GC invocations=2 (full 0):
 PSYoungGen      total 36864K, used 35689K [0x00000000d7180000, 0x00000000d9a80000, 0x0000000100000000)
  eden space 31744K, 100% used [0x00000000d7180000,0x00000000d9080000,0x00000000d9080000)
  from space 5120K, 77% used [0x00000000d9080000,0x00000000d945a458,0x00000000d9580000)
  to   space 5120K, 0% used [0x00000000d9580000,0x00000000d9580000,0x00000000d9a80000)
 ParOldGen       total 84992K, used 8K [0x0000000085400000, 0x000000008a700000, 0x00000000d7180000)
  object space 84992K, 0% used [0x0000000085400000,0x0000000085402000,0x000000008a700000)
 Metaspace       used 6755K, capacity 6824K, committed 7040K, reserved 1056768K
  class space    used 795K, capacity 821K, committed 896K, reserved 1048576K
Event: 3.883 GC heap after
Heap after GC invocations=2 (full 0):
 PSYoungGen      total 36864K, used 4637K [0x00000000d7180000, 0x00000000db980000, 0x0000000100000000)
  eden space 31744K, 0% used [0x00000000d7180000,0x00000000d7180000,0x00000000d9080000)
  from space 5120K, 90% used [0x00000000d9580000,0x00000000d9a077a0,0x00000000d9a80000)
  to   space 5120K, 0% used [0x00000000d9080000,0x00000000d9080000,0x00000000d9580000)
 ParOldGen       total 84992K, used 16K [0x0000000085400000, 0x000000008a700000, 0x00000000d7180000)
  object space 84992K, 0% used [0x0000000085400000,0x0000000085404000,0x000000008a700000)
 Metaspace       used 6755K, capacity 6824K, committed 7040K, reserved 1056768K
  class space    used 795K, capacity 821K, committed 896K, reserved 1048576K
}
Event: 5.594 GC heap before
{Heap before GC invocations=3 (full 0):
 PSYoungGen      total 36864K, used 36381K [0x00000000d7180000, 0x00000000db980000, 0x0000000100000000)
  eden space 31744K, 100% used [0x00000000d7180000,0x00000000d9080000,0x00000000d9080000)
  from space 5120K, 90% used [0x00000000d9580000,0x00000000d9a077a0,0x00000000d9a80000)
  to   space 5120K, 0% used [0x00000000d9080000,0x00000000d9080000,0x00000000d9580000)
 ParOldGen       total 84992K, used 16K [0x0000000085400000, 0x000000008a700000, 0x00000000d7180000)
  object space 84992K, 0% used [0x0000000085400000,0x0000000085404000,0x000000008a700000)
 Metaspace       used 9757K, capacity 9896K, committed 9984K, reserved 1058816K
  class space    used 1215K, capacity 1269K, committed 1280K, reserved 1048576K
Event: 5.599 GC heap after
Heap after GC invocations=3 (full 0):
 PSYoungGen      total 36864K, used 4015K [0x00000000d7180000, 0x00000000db980000, 0x0000000100000000)
  eden space 31744K, 0% used [0x00000000d7180000,0x00000000d7180000,0x00000000d9080000)
  from space 5120K, 78% used [0x00000000d9080000,0x00000000d946be08,0x00000000d9580000)
  to   space 5120K, 0% used [0x00000000db480000,0x00000000db480000,0x00000000db980000)
 ParOldGen       total 84992K, used 24K [0x0000000085400000, 0x000000008a700000, 0x00000000d7180000)
  object space 84992K, 0% used [0x0000000085400000,0x0000000085406000,0x000000008a700000)
 Metaspace       used 9757K, capacity 9896K, committed 9984K, reserved 1058816K
  class space    used 1215K, capacity 1269K, committed 1280K, reserved 1048576K
}

