# JRE version: Java(TM) SE Runtime Environment (8.0_151-b12) (build 1.8.0_151-b12)
# Java VM: Java HotSpot(TM) 64-Bit Server VM (25.151-b12 mixed mode linux-amd64 compressed oops)
Heap:
 PSYoungGen      total 214528K, used 83241K [0x00000000d7180000, 0x00000000e5180000, 0x0000000100000000)
  eden space 205824K, 36% used [0x00000000d7180000,0x00000000dbaa2700,0x00000000e3a80000)
  from space 8704K, 95% used [0x00000000e4900000,0x00000000e5128048,0x00000000e5180000)
  to   space 9728K, 0% used [0x00000000e3e80000,0x00000000e3e80000,0x00000000e4800000)
 ParOldGen       total 52224K, used 7141K [0x0000000085400000, 0x0000000088700000, 0x00000000d7180000)
  object space 52224K, 13% used [0x0000000085400000,0x0000000085af94b0,0x0000000088700000)
 Metaspace       used 30265K, capacity 30614K, committed 30720K, reserved 1077248K
  class space    used 3723K, capacity 3814K, committed 3840K, reserved 1048576K
GC Heap History (10 events):
Event: 3.611 GC heap before
{Heap before GC invocations=5 (full 0):
 PSYoungGen      total 68608K, used 68601K [0x00000000d7180000, 0x00000000db980000, 0x0000000100000000)
  eden space 63488K, 100% used [0x00000000d7180000,0x00000000daf80000,0x00000000daf80000)
  from space 5120K, 99% used [0x00000000db480000,0x00000000db97e570,0x00000000db980000)
  to   space 5120K, 0% used [0x00000000daf80000,0x00000000daf80000,0x00000000db480000)
 ParOldGen       total 84992K, used 1201K [0x0000000085400000, 0x000000008a700000, 0x00000000d7180000)
  object space 84992K, 1% used [0x0000000085400000,0x000000008552c590,0x000000008a700000)
 Metaspace       used 20630K, capacity 20880K, committed 21120K, reserved 1067008K
  class space    used 2470K, capacity 2562K, committed 2688K, reserved 1048576K
Event: 3.632 GC heap after
Heap after GC invocations=5 (full 0):
 PSYoungGen      total 68608K, used 5097K [0x00000000d7180000, 0x00000000dff80000, 0x0000000100000000)
  eden space 63488K, 0% used [0x00000000d7180000,0x00000000d7180000,0x00000000daf80000)
  from space 5120K, 99% used [0x00000000daf80000,0x00000000db47a448,0x00000000db480000)
  to   space 9216K, 0% used [0x00000000df680000,0x00000000df680000,0x00000000dff80000)
 ParOldGen       total 84992K, used 5047K [0x0000000085400000, 0x000000008a700000, 0x00000000d7180000)
  object space 84992K, 5% used [0x0000000085400000,0x00000000858edf78,0x000000008a700000)
 Metaspace       used 20630K, capacity 20880K, committed 21120K, reserved 1067008K
  class space    used 2470K, capacity 2562K, committed 2688K, reserved 1048576K
}
Event: 3.855 GC heap before
{Heap before GC invocations=6 (full 0):
 PSYoungGen      total 68608K, used 27691K [0x00000000d7180000, 0x00000000dff80000, 0x0000000100000000)
  eden space 63488K, 35% used [0x00000000d7180000,0x00000000d8790b30,0x00000000daf80000)
  from space 5120K, 99% used [0x00000000daf80000,0x00000000db47a448,0x00000000db480000)
  to   space 9216K, 0% used [0x00000000df680000,0x00000000df680000,0x00000000dff80000)
 ParOldGen       total 84992K, used 5047K [0x0000000085400000, 0x000000008a700000, 0x00000000d7180000)
  object space 84992K, 5% used [0x0000000085400000,0x00000000858edf78,0x000000008a700000)
 Metaspace       used 20881K, capacity 21088K, committed 21296K, reserved 1069056K
  class space    used 2488K, capacity 2564K, committed 2688K, reserved 1048576K
Event: 3.869 GC heap after
Heap after GC invocations=6 (full 0):
 PSYoungGen      total 135168K, used 6166K [0x00000000d7180000, 0x00000000dfe80000, 0x0000000100000000)
  eden space 126976K, 0% used [0x00000000d7180000,0x00000000d7180000,0x00000000ded80000)
  from space 8192K, 75% used [0x00000000df680000,0x00000000dfc858c0,0x00000000dfe80000)
  to   space 8704K, 0% used [0x00000000ded80000,0x00000000ded80000,0x00000000df600000)
 ParOldGen       total 84992K, used 5055K [0x0000000085400000, 0x000000008a700000, 0x00000000d7180000)
  object space 84992K, 5% used [0x0000000085400000,0x00000000858eff78,0x000000008a700000)
 Metaspace       used 20881K, capacity 21088K, committed 21296K, reserved 1069056K
  class space    used 2488K, capacity 2564K, committed 2688K, reserved 1048576K
}
Event: 3.869 GC heap before
{Heap before GC invocations=7 (full 1):
 PSYoungGen      total 135168K, used 6166K [0x00000000d7180000, 0x00000000dfe80000, 0x0000000100000000)
  eden space 126976K, 0% used [0x00000000d7180000,0x00000000d7180000,0x00000000ded80000)
  from space 8192K, 75% used [0x00000000df680000,0x00000000dfc858c0,0x00000000dfe80000)
  to   space 8704K, 0% used [0x00000000ded80000,0x00000000ded80000,0x00000000df600000)
 ParOldGen       total 84992K, used 5055K [0x0000000085400000, 0x000000008a700000, 0x00000000d7180000)
  object space 84992K, 5% used [0x0000000085400000,0x00000000858eff78,0x000000008a700000)
 Metaspace       used 20881K, capacity 21088K, committed 21296K, reserved 1069056K
  class space    used 2488K, capacity 2564K, committed 2688K, reserved 1048576K
Event: 3.934 GC heap after
Heap after GC invocations=7 (full 1):
 PSYoungGen      total 135168K, used 0K [0x00000000d7180000, 0x00000000dfe80000, 0x0000000100000000)
  eden space 126976K, 0% used [0x00000000d7180000,0x00000000d7180000,0x00000000ded80000)
  from space 8192K, 0% used [0x00000000df680000,0x00000000df680000,0x00000000dfe80000)
  to   space 8704K, 0% used [0x00000000ded80000,0x00000000ded80000,0x00000000df600000)
 ParOldGen       total 52224K, used 7125K [0x0000000085400000, 0x0000000088700000, 0x00000000d7180000)
  object space 52224K, 13% used [0x0000000085400000,0x0000000085af54b0,0x0000000088700000)
 Metaspace       used 20881K, capacity 21088K, committed 21296K, reserved 1069056K
  class space    used 2488K, capacity 2564K, committed 2688K, reserved 1048576K
}
Event: 4.923 GC heap before
{Heap before GC invocations=8 (full 1):
 PSYoungGen      total 135168K, used 126976K [0x00000000d7180000, 0x00000000dfe80000, 0x0000000100000000)
  eden space 126976K, 100% used [0x00000000d7180000,0x00000000ded80000,0x00000000ded80000)
  from space 8192K, 0% used [0x00000000df680000,0x00000000df680000,0x00000000dfe80000)
  to   space 8704K, 0% used [0x00000000ded80000,0x00000000ded80000,0x00000000df600000)
 ParOldGen       total 52224K, used 7125K [0x0000000085400000, 0x0000000088700000, 0x00000000d7180000)
  object space 52224K, 13% used [0x0000000085400000,0x0000000085af54b0,0x0000000088700000)
 Metaspace       used 22776K, capacity 23070K, committed 23344K, reserved 1069056K
  class space    used 2745K, capacity 2834K, committed 2944K, reserved 1048576K
Event: 4.946 GC heap after
Heap after GC invocations=8 (full 1):
 PSYoungGen      total 135680K, used 4531K [0x00000000d7180000, 0x00000000e5180000, 0x0000000100000000)
  eden space 126976K, 0% used [0x00000000d7180000,0x00000000d7180000,0x00000000ded80000)
  from space 8704K, 52% used [0x00000000ded80000,0x00000000df1ecd60,0x00000000df600000)
  to   space 8704K, 0% used [0x00000000e4900000,0x00000000e4900000,0x00000000e5180000)
 ParOldGen       total 52224K, used 7133K [0x0000000085400000, 0x0000000088700000, 0x00000000d7180000)
  object space 52224K, 13% used [0x0000000085400000,0x0000000085af74b0,0x0000000088700000)
 Metaspace       used 22776K, capacity 23070K, committed 23344K, reserved 1069056K
  class space    used 2745K, capacity 2834K, committed 2944K, reserved 1048576K
}
Event: 6.580 GC heap before
{Heap before GC invocations=9 (full 1):
 PSYoungGen      total 135680K, used 131507K [0x00000000d7180000, 0x00000000e5180000, 0x0000000100000000)
  eden space 126976K, 100% used [0x00000000d7180000,0x00000000ded80000,0x00000000ded80000)
  from space 8704K, 52% used [0x00000000ded80000,0x00000000df1ecd60,0x00000000df600000)
  to   space 8704K, 0% used [0x00000000e4900000,0x00000000e4900000,0x00000000e5180000)
 ParOldGen       total 52224K, used 7133K [0x0000000085400000, 0x0000000088700000, 0x00000000d7180000)
  object space 52224K, 13% used [0x0000000085400000,0x0000000085af74b0,0x0000000088700000)
 Metaspace       used 26735K, capacity 27064K, committed 27264K, reserved 1073152K
  class space    used 3270K, capacity 3361K, committed 3456K, reserved 1048576K
Event: 6.593 GC heap after
Heap after GC invocations=9 (full 1):
 PSYoungGen      total 214528K, used 8352K [0x00000000d7180000, 0x00000000e5180000, 0x0000000100000000)
  eden space 205824K, 0% used [0x00000000d7180000,0x00000000d7180000,0x00000000e3a80000)
  from space 8704K, 95% used [0x00000000e4900000,0x00000000e5128048,0x00000000e5180000)
  to   space 9728K, 0% used [0x00000000e3e80000,0x00000000e3e80000,0x00000000e4800000)
 ParOldGen       total 52224K, used 7141K [0x0000000085400000, 0x0000000088700000, 0x00000000d7180000)
  object space 52224K, 13% used [0x0000000085400000,0x0000000085af94b0,0x0000000088700000)
 Metaspace       used 26735K, capacity 27064K, committed 27264K, reserved 1073152K
  class space    used 3270K, capacity 3361K, committed 3456K, reserved 1048576K
}

